| Веб-разработчик c 0 до PRO                         |  0.7500 |
| Мобильный разработчик с нуля                       |  0.8750 |
| Java-разработчик                                   |  0.7500 |
| PHP-разработчик с 0 до PRO                         |  0.7500 |
| Python-разработчик с нуля                          |  0.7500 |
| Frontend-разработчик                               |  0.7500 |
| Мобильный разработчик PRO                          |  0.7500 |
| Программист 1С-Битрикс                             |  0.7500 |
| С#-разработчик с нуля                              |  0.7500 |
| Data Scientist с 0 до PRO                          |  0.7500 |
| Аналитик данных на Python                          |  0.7500 |
| Веб-дизайн с нуля до PRO                           |  0.7500 |
| Рекламная графика                                  |  0.7500 |
| UX-дизайн                                          |  0.7500 |
| Анимация интерфейсов                               |  0.7500 |
| Дизайн интерьеров с нуля                           |  0.7500 |
| Графический дизайнер с нуля до PRO                 |  0.7500 |
| Дизайн мобильных приложений                        |  0.6667 |
| Промо-сайты от Red Collar                          |  0.6667 |
| Скетчинг для дизайнеров                            |  0.6667 |
| Photoshop c 0 до PRO                               |  0.6667 |
| Sound-design                                       |  0.6667 |
| Cinema4D                                           |  0.6667 |
| Sketch                                             |  0.6667 |
| Figma                                              |  0.6667 |
| Интернет-маркетолог от Ingate                      |  0.6667 |
| SMM-маркетолог от А до Я                           |  0.6667 |
| Performance-маркетинг                              |  0.6667 |
| Интернет-маркетолог от А до Я                      |  0.6667 |
| Продвижение в Instagram                            |  0.6667 |
| Сквозная аналитика                                 |  0.7500 |
| Таргетолог от А до Я                               |  0.7500 |
| UX-аналитик                                        |  0.7500 |
| Управление репутацией                              |  0.7500 |
| Как делать контент для YouTube                     |  0.7500 |
| SEO-специалист                                     |  0.7500 |
| Вирусный маркетинг                                 |  0.7500 |
| CRM-маркетолог                                     |  0.7500 |
| Как открыть веб-студию                             |  0.7500 |
| Как открыть салон красоты                          |  0.7500 |
| Управление командами                               |  0.7500 |
| Управление Digital-проектами                       |  0.7500 |
| Excel                                              |  0.7500 |
| Продюсер онлайн-курсов                             |  0.7500 |
| Управление продуктом                               |  0.7500 |
